<?xml version="1.0" encoding="UTF-8"?>
<!-- Generated by org.testng.reporters.JUnitXMLReporter -->
<testsuite ignored="0" hostname="Test" failures="1" tests="17" name="Test 1" time="40.922" errors="0" timestamp="2025-06-05T13:15:38 EEST">
  <testcase classname="greenkart.testCases.TestExecution" name="TC1" time="9.579"/>
  <testcase classname="greenkart.testCases.TestExecution" name="TC2" time="2.957"/>
  <testcase classname="greenkart.testCases.TestExecution" name="TC3" time="5.481"/>
  <testcase classname="greenkart.testCases.TestExecution" name="TC4" time="3.035"/>
  <testcase classname="greenkart.testCases.TestExecution" name="TC5" time="1.754"/>
  <testcase classname="greenkart.testCases.TestExecution" name="TC6" time="0.411"/>
  <testcase classname="greenkart.testCases.TestExecution" name="TC7" time="6.37"/>
  <testcase classname="greenkart.testCases.TestExecution" name="TC8" time="6.562"/>
  <testcase classname="greenkart.testCases.TestExecution" name="TC9" time="0.027">
    <failure type="org.openqa.selenium.NoSuchElementException" message="no such element: Unable to locate element: {&amp;quot;method&amp;quot;:&amp;quot;css selector&amp;quot;,&amp;quot;selector&amp;quot;:&amp;quot;select[style=&amp;apos;width: 200px;&amp;apos;]&amp;quot;}
  (Session info: chrome=137.0.7151.69)
For documentation on this error, please visit: https://www.selenium.dev/documentation/webdriver/troubleshooting/errors#no-such-element-exception
Build info: version: &amp;apos;4.33.0&amp;apos;, revision: &amp;apos;2c6aaad03a&amp;apos;
System info: os.name: &amp;apos;Windows 11&amp;apos;, os.arch: &amp;apos;amd64&amp;apos;, os.version: &amp;apos;10.0&amp;apos;, java.version: &amp;apos;17.0.2&amp;apos;
Driver info: org.openqa.selenium.chrome.ChromeDriver
Command: [303fee7b3aaf9fbd8ed304a2f0cdc372, findElement {value=select[style=&amp;apos;width: 200px;&amp;apos;], using=css selector}]
Capabilities {acceptInsecureCerts: false, browserName: chrome, browserVersion: 137.0.7151.69, chrome: {chromedriverVersion: 136.0.7103.49 (031848bc6ad0..., userDataDir: C:\Users\lynxt\AppData\Loca...}, fedcm:accounts: true, goog:chromeOptions: {debuggerAddress: localhost:57543}, networkConnectionEnabled: false, pageLoadStrategy: normal, platformName: windows, proxy: Proxy(), se:cdp: ws://localhost:57543/devtoo..., se:cdpVersion: 137.0.7151.69, setWindowRect: true, strictFileInteractability: false, timeouts: {implicit: 0, pageLoad: 300000, script: 30000}, unhandledPromptBehavior: dismiss and notify, webauthn:extension:credBlob: true, webauthn:extension:largeBlob: true, webauthn:extension:minPinLength: true, webauthn:extension:prf: true, webauthn:virtualAuthenticators: true}
Session ID: 303fee7b3aaf9fbd8ed304a2f0cdc372">
      <![CDATA[org.openqa.selenium.NoSuchElementException: no such element: Unable to locate element: {"method":"css selector","selector":"select[style='width: 200px;']"}
  (Session info: chrome=137.0.7151.69)
For documentation on this error, please visit: https://www.selenium.dev/documentation/webdriver/troubleshooting/errors#no-such-element-exception
Build info: version: '4.33.0', revision: '2c6aaad03a'
System info: os.name: 'Windows 11', os.arch: 'amd64', os.version: '10.0', java.version: '17.0.2'
Driver info: org.openqa.selenium.chrome.ChromeDriver
Command: [303fee7b3aaf9fbd8ed304a2f0cdc372, findElement {value=select[style='width: 200px;'], using=css selector}]
Capabilities {acceptInsecureCerts: false, browserName: chrome, browserVersion: 137.0.7151.69, chrome: {chromedriverVersion: 136.0.7103.49 (031848bc6ad0..., userDataDir: C:\Users\lynxt\AppData\Loca...}, fedcm:accounts: true, goog:chromeOptions: {debuggerAddress: localhost:57543}, networkConnectionEnabled: false, pageLoadStrategy: normal, platformName: windows, proxy: Proxy(), se:cdp: ws://localhost:57543/devtoo..., se:cdpVersion: 137.0.7151.69, setWindowRect: true, strictFileInteractability: false, timeouts: {implicit: 0, pageLoad: 300000, script: 30000}, unhandledPromptBehavior: dismiss and notify, webauthn:extension:credBlob: true, webauthn:extension:largeBlob: true, webauthn:extension:minPinLength: true, webauthn:extension:prf: true, webauthn:virtualAuthenticators: true}
Session ID: 303fee7b3aaf9fbd8ed304a2f0cdc372
at org.openqa.selenium.remote.ErrorCodec.decode(ErrorCodec.java:167)
at org.openqa.selenium.remote.codec.w3c.W3CHttpResponseCodec.decode(W3CHttpResponseCodec.java:138)
at org.openqa.selenium.remote.codec.w3c.W3CHttpResponseCodec.decode(W3CHttpResponseCodec.java:50)
at org.openqa.selenium.remote.HttpCommandExecutor.execute(HttpCommandExecutor.java:215)
at org.openqa.selenium.remote.service.DriverCommandExecutor.invokeExecute(DriverCommandExecutor.java:216)
at org.openqa.selenium.remote.service.DriverCommandExecutor.execute(DriverCommandExecutor.java:174)
at org.openqa.selenium.remote.RemoteWebDriver.execute(RemoteWebDriver.java:544)
at org.openqa.selenium.remote.ElementLocation$ElementFinder$2.findElement(ElementLocation.java:165)
at org.openqa.selenium.remote.ElementLocation.findElement(ElementLocation.java:59)
at org.openqa.selenium.remote.RemoteWebDriver.findElement(RemoteWebDriver.java:367)
at org.openqa.selenium.remote.RemoteWebDriver.findElement(RemoteWebDriver.java:361)
at org.openqa.selenium.support.pagefactory.DefaultElementLocator.findElement(DefaultElementLocator.java:68)
at org.openqa.selenium.support.pagefactory.internal.LocatingElementHandler.invoke(LocatingElementHandler.java:38)
at jdk.proxy2/jdk.proxy2.$Proxy33.getTagName(Unknown Source)
at org.openqa.selenium.support.ui.Select.<init>(Select.java:41)
at greenkart.pageObject.OrderSubmissionPage.validateSelectedCountry(OrderSubmissionPage.java:59)
at greenkart.testCases.TestExecution.TC9(TestExecution.java:111)
at java.base/java.util.ArrayList.forEach(ArrayList.java:1511)
... Removed 35 stack frames]]>
    </failure>
  </testcase> <!-- TC9 -->
  <testcase classname="greenkart.testCases.TestExecution" name="TC10" time="0.0">
    <skipped/>
  </testcase> <!-- TC10 -->
  <testcase classname="greenkart.testCases.TestExecution" name="TC11" time="0.0">
    <skipped/>
  </testcase> <!-- TC11 -->
  <testcase classname="greenkart.testCases.TestExecution" name="TC12" time="0.0">
    <skipped/>
  </testcase> <!-- TC12 -->
  <testcase classname="greenkart.testCases.TestExecution" name="TC13" time="0.0">
    <skipped/>
  </testcase> <!-- TC13 -->
  <testcase classname="greenkart.testCases.TestExecution" name="TC14" time="0.0">
    <skipped/>
  </testcase> <!-- TC14 -->
  <testcase classname="greenkart.testCases.TestExecution" name="TC15" time="0.0">
    <skipped/>
  </testcase> <!-- TC15 -->
  <testcase classname="greenkart.testCases.TestExecution" name="TC16" time="0.0">
    <skipped/>
  </testcase> <!-- TC16 -->
  <testcase classname="greenkart.testCases.TestExecution" name="TC17" time="0.0">
    <skipped/>
  </testcase> <!-- TC17 -->
</testsuite> <!-- Test 1 -->
