<?xml version="1.0" encoding="UTF-8"?>
<testng-results ignored="0" total="17" passed="8" failed="1" skipped="8">
  <reporter-output>
  </reporter-output>
  <suite started-at="2025-06-05T13:14:57 EEST" name="Suite" finished-at="2025-06-05T13:15:38 EEST" duration-ms="40922">
    <groups>
    </groups>
    <test started-at="2025-06-05T13:14:57 EEST" name="Test 1" finished-at="2025-06-05T13:15:38 EEST" duration-ms="40922">
      <class name="greenkart.testCases.TestExecution">
        <test-method is-config="true" signature="setUP()[pri:0, instance:greenkart.testCases.TestExecution@42f33b5d]" started-at="2025-06-05T13:14:57 EEST" name="setUP" finished-at="2025-06-05T13:15:01 EEST" duration-ms="3897" status="PASS">
          <reporter-output>
          </reporter-output>
        </test-method> <!-- setUP -->
        <test-method signature="TC1()[pri:0, instance:greenkart.testCases.TestExecution@42f33b5d]" started-at="2025-06-05T13:15:01 EEST" name="TC1" finished-at="2025-06-05T13:15:10 EEST" duration-ms="9579" status="PASS">
          <reporter-output>
          </reporter-output>
        </test-method> <!-- TC1 -->
        <test-method is-config="true" signature="afterTest(org.testng.ITestResult)[pri:0, instance:greenkart.testCases.TestExecution@42f33b5d]" started-at="2025-06-05T13:15:10 EEST" name="afterTest" finished-at="2025-06-05T13:15:10 EEST" duration-ms="0" status="PASS">
          <params>
            <param index="0">
              <value>
                <![CDATA[[TestResult name=TC1 status=SUCCESS method=TestExecution.TC1()[pri:0, instance:greenkart.testCases.TestExecution@42f33b5d] output={null}]]]>
              </value>
            </param>
          </params>
          <reporter-output>
          </reporter-output>
        </test-method> <!-- afterTest -->
        <test-method is-config="true" signature="testRunLog()[pri:0, instance:greenkart.testCases.TestExecution@42f33b5d]" started-at="2025-06-05T13:15:10 EEST" name="testRunLog" finished-at="2025-06-05T13:15:10 EEST" duration-ms="16" status="PASS">
          <reporter-output>
          </reporter-output>
        </test-method> <!-- testRunLog -->
        <test-method signature="TC2()[pri:0, instance:greenkart.testCases.TestExecution@42f33b5d]" started-at="2025-06-05T13:15:10 EEST" name="TC2" finished-at="2025-06-05T13:15:13 EEST" depends-on-methods="greenkart.testCases.TestExecution.TC1" duration-ms="2957" status="PASS">
          <reporter-output>
          </reporter-output>
        </test-method> <!-- TC2 -->
        <test-method is-config="true" signature="afterTest(org.testng.ITestResult)[pri:0, instance:greenkart.testCases.TestExecution@42f33b5d]" started-at="2025-06-05T13:15:13 EEST" name="afterTest" finished-at="2025-06-05T13:15:13 EEST" duration-ms="0" status="PASS">
          <params>
            <param index="0">
              <value>
                <![CDATA[[TestResult name=TC2 status=SUCCESS method=TestExecution.TC2()[pri:0, instance:greenkart.testCases.TestExecution@42f33b5d] output={null}]]]>
              </value>
            </param>
          </params>
          <reporter-output>
          </reporter-output>
        </test-method> <!-- afterTest -->
        <test-method is-config="true" signature="testRunLog()[pri:0, instance:greenkart.testCases.TestExecution@42f33b5d]" started-at="2025-06-05T13:15:13 EEST" name="testRunLog" finished-at="2025-06-05T13:15:13 EEST" duration-ms="4" status="PASS">
          <reporter-output>
          </reporter-output>
        </test-method> <!-- testRunLog -->
        <test-method signature="TC3()[pri:0, instance:greenkart.testCases.TestExecution@42f33b5d]" started-at="2025-06-05T13:15:13 EEST" name="TC3" finished-at="2025-06-05T13:15:19 EEST" depends-on-methods="greenkart.testCases.TestExecution.TC2" duration-ms="5481" status="PASS">
          <reporter-output>
          </reporter-output>
        </test-method> <!-- TC3 -->
        <test-method is-config="true" signature="afterTest(org.testng.ITestResult)[pri:0, instance:greenkart.testCases.TestExecution@42f33b5d]" started-at="2025-06-05T13:15:19 EEST" name="afterTest" finished-at="2025-06-05T13:15:19 EEST" duration-ms="1" status="PASS">
          <params>
            <param index="0">
              <value>
                <![CDATA[[TestResult name=TC3 status=SUCCESS method=TestExecution.TC3()[pri:0, instance:greenkart.testCases.TestExecution@42f33b5d] output={null}]]]>
              </value>
            </param>
          </params>
          <reporter-output>
          </reporter-output>
        </test-method> <!-- afterTest -->
        <test-method is-config="true" signature="testRunLog()[pri:0, instance:greenkart.testCases.TestExecution@42f33b5d]" started-at="2025-06-05T13:15:19 EEST" name="testRunLog" finished-at="2025-06-05T13:15:19 EEST" duration-ms="0" status="PASS">
          <reporter-output>
          </reporter-output>
        </test-method> <!-- testRunLog -->
        <test-method signature="TC4()[pri:0, instance:greenkart.testCases.TestExecution@42f33b5d]" started-at="2025-06-05T13:15:19 EEST" name="TC4" finished-at="2025-06-05T13:15:22 EEST" depends-on-methods="greenkart.testCases.TestExecution.TC3" duration-ms="3035" status="PASS">
          <reporter-output>
          </reporter-output>
        </test-method> <!-- TC4 -->
        <test-method is-config="true" signature="afterTest(org.testng.ITestResult)[pri:0, instance:greenkart.testCases.TestExecution@42f33b5d]" started-at="2025-06-05T13:15:22 EEST" name="afterTest" finished-at="2025-06-05T13:15:22 EEST" duration-ms="0" status="PASS">
          <params>
            <param index="0">
              <value>
                <![CDATA[[TestResult name=TC4 status=SUCCESS method=TestExecution.TC4()[pri:0, instance:greenkart.testCases.TestExecution@42f33b5d] output={null}]]]>
              </value>
            </param>
          </params>
          <reporter-output>
          </reporter-output>
        </test-method> <!-- afterTest -->
        <test-method is-config="true" signature="testRunLog()[pri:0, instance:greenkart.testCases.TestExecution@42f33b5d]" started-at="2025-06-05T13:15:22 EEST" name="testRunLog" finished-at="2025-06-05T13:15:22 EEST" duration-ms="0" status="PASS">
          <reporter-output>
          </reporter-output>
        </test-method> <!-- testRunLog -->
        <test-method signature="TC5()[pri:0, instance:greenkart.testCases.TestExecution@42f33b5d]" started-at="2025-06-05T13:15:22 EEST" name="TC5" finished-at="2025-06-05T13:15:24 EEST" depends-on-methods="greenkart.testCases.TestExecution.TC4" duration-ms="1754" status="PASS">
          <reporter-output>
          </reporter-output>
        </test-method> <!-- TC5 -->
        <test-method is-config="true" signature="afterTest(org.testng.ITestResult)[pri:0, instance:greenkart.testCases.TestExecution@42f33b5d]" started-at="2025-06-05T13:15:24 EEST" name="afterTest" finished-at="2025-06-05T13:15:24 EEST" duration-ms="0" status="PASS">
          <params>
            <param index="0">
              <value>
                <![CDATA[[TestResult name=TC5 status=SUCCESS method=TestExecution.TC5()[pri:0, instance:greenkart.testCases.TestExecution@42f33b5d] output={null}]]]>
              </value>
            </param>
          </params>
          <reporter-output>
          </reporter-output>
        </test-method> <!-- afterTest -->
        <test-method signature="TC6()[pri:0, instance:greenkart.testCases.TestExecution@42f33b5d]" started-at="2025-06-05T13:15:24 EEST" name="TC6" finished-at="2025-06-05T13:15:24 EEST" depends-on-methods="greenkart.testCases.TestExecution.TC5" duration-ms="411" status="PASS">
          <reporter-output>
          </reporter-output>
        </test-method> <!-- TC6 -->
        <test-method is-config="true" signature="testRunLog()[pri:0, instance:greenkart.testCases.TestExecution@42f33b5d]" started-at="2025-06-05T13:15:24 EEST" name="testRunLog" finished-at="2025-06-05T13:15:24 EEST" duration-ms="0" status="PASS">
          <reporter-output>
          </reporter-output>
        </test-method> <!-- testRunLog -->
        <test-method is-config="true" signature="afterTest(org.testng.ITestResult)[pri:0, instance:greenkart.testCases.TestExecution@42f33b5d]" started-at="2025-06-05T13:15:24 EEST" name="afterTest" finished-at="2025-06-05T13:15:24 EEST" duration-ms="0" status="PASS">
          <params>
            <param index="0">
              <value>
                <![CDATA[[TestResult name=TC6 status=SUCCESS method=TestExecution.TC6()[pri:0, instance:greenkart.testCases.TestExecution@42f33b5d] output={null}]]]>
              </value>
            </param>
          </params>
          <reporter-output>
          </reporter-output>
        </test-method> <!-- afterTest -->
        <test-method is-config="true" signature="testRunLog()[pri:0, instance:greenkart.testCases.TestExecution@42f33b5d]" started-at="2025-06-05T13:15:24 EEST" name="testRunLog" finished-at="2025-06-05T13:15:24 EEST" duration-ms="14" status="PASS">
          <reporter-output>
          </reporter-output>
        </test-method> <!-- testRunLog -->
        <test-method signature="TC7()[pri:0, instance:greenkart.testCases.TestExecution@42f33b5d]" started-at="2025-06-05T13:15:24 EEST" name="TC7" finished-at="2025-06-05T13:15:31 EEST" depends-on-methods="greenkart.testCases.TestExecution.TC6" duration-ms="6370" status="PASS">
          <reporter-output>
          </reporter-output>
        </test-method> <!-- TC7 -->
        <test-method is-config="true" signature="afterTest(org.testng.ITestResult)[pri:0, instance:greenkart.testCases.TestExecution@42f33b5d]" started-at="2025-06-05T13:15:31 EEST" name="afterTest" finished-at="2025-06-05T13:15:31 EEST" duration-ms="0" status="PASS">
          <params>
            <param index="0">
              <value>
                <![CDATA[[TestResult name=TC7 status=SUCCESS method=TestExecution.TC7()[pri:0, instance:greenkart.testCases.TestExecution@42f33b5d] output={null}]]]>
              </value>
            </param>
          </params>
          <reporter-output>
          </reporter-output>
        </test-method> <!-- afterTest -->
        <test-method is-config="true" signature="testRunLog()[pri:0, instance:greenkart.testCases.TestExecution@42f33b5d]" started-at="2025-06-05T13:15:31 EEST" name="testRunLog" finished-at="2025-06-05T13:15:31 EEST" duration-ms="2" status="PASS">
          <reporter-output>
          </reporter-output>
        </test-method> <!-- testRunLog -->
        <test-method signature="TC8()[pri:0, instance:greenkart.testCases.TestExecution@42f33b5d]" started-at="2025-06-05T13:15:31 EEST" name="TC8" finished-at="2025-06-05T13:15:37 EEST" depends-on-methods="greenkart.testCases.TestExecution.TC7" duration-ms="6562" status="PASS">
          <reporter-output>
          </reporter-output>
        </test-method> <!-- TC8 -->
        <test-method is-config="true" signature="afterTest(org.testng.ITestResult)[pri:0, instance:greenkart.testCases.TestExecution@42f33b5d]" started-at="2025-06-05T13:15:37 EEST" name="afterTest" finished-at="2025-06-05T13:15:37 EEST" duration-ms="0" status="PASS">
          <params>
            <param index="0">
              <value>
                <![CDATA[[TestResult name=TC8 status=SUCCESS method=TestExecution.TC8()[pri:0, instance:greenkart.testCases.TestExecution@42f33b5d] output={null}]]]>
              </value>
            </param>
          </params>
          <reporter-output>
          </reporter-output>
        </test-method> <!-- afterTest -->
        <test-method is-config="true" signature="testRunLog()[pri:0, instance:greenkart.testCases.TestExecution@42f33b5d]" started-at="2025-06-05T13:15:37 EEST" name="testRunLog" finished-at="2025-06-05T13:15:37 EEST" duration-ms="0" status="PASS">
          <reporter-output>
          </reporter-output>
        </test-method> <!-- testRunLog -->
        <test-method signature="TC9()[pri:0, instance:greenkart.testCases.TestExecution@42f33b5d]" started-at="2025-06-05T13:15:37 EEST" name="TC9" finished-at="2025-06-05T13:15:37 EEST" depends-on-methods="greenkart.testCases.TestExecution.TC8" duration-ms="27" status="FAIL">
          <exception class="org.openqa.selenium.NoSuchElementException">
            <message>
              <![CDATA[no such element: Unable to locate element: {"method":"css selector","selector":"select[style='width: 200px;']"}
  (Session info: chrome=137.0.7151.69)
For documentation on this error, please visit: https://www.selenium.dev/documentation/webdriver/troubleshooting/errors#no-such-element-exception
Build info: version: '4.33.0', revision: '2c6aaad03a'
System info: os.name: 'Windows 11', os.arch: 'amd64', os.version: '10.0', java.version: '17.0.2'
Driver info: org.openqa.selenium.chrome.ChromeDriver
Command: [303fee7b3aaf9fbd8ed304a2f0cdc372, findElement {value=select[style='width: 200px;'], using=css selector}]
Capabilities {acceptInsecureCerts: false, browserName: chrome, browserVersion: 137.0.7151.69, chrome: {chromedriverVersion: 136.0.7103.49 (031848bc6ad0..., userDataDir: C:\Users\lynxt\AppData\Loca...}, fedcm:accounts: true, goog:chromeOptions: {debuggerAddress: localhost:57543}, networkConnectionEnabled: false, pageLoadStrategy: normal, platformName: windows, proxy: Proxy(), se:cdp: ws://localhost:57543/devtoo..., se:cdpVersion: 137.0.7151.69, setWindowRect: true, strictFileInteractability: false, timeouts: {implicit: 0, pageLoad: 300000, script: 30000}, unhandledPromptBehavior: dismiss and notify, webauthn:extension:credBlob: true, webauthn:extension:largeBlob: true, webauthn:extension:minPinLength: true, webauthn:extension:prf: true, webauthn:virtualAuthenticators: true}
Session ID: 303fee7b3aaf9fbd8ed304a2f0cdc372]]>
            </message>
            <full-stacktrace>
              <![CDATA[org.openqa.selenium.NoSuchElementException: no such element: Unable to locate element: {"method":"css selector","selector":"select[style='width: 200px;']"}
  (Session info: chrome=137.0.7151.69)
For documentation on this error, please visit: https://www.selenium.dev/documentation/webdriver/troubleshooting/errors#no-such-element-exception
Build info: version: '4.33.0', revision: '2c6aaad03a'
System info: os.name: 'Windows 11', os.arch: 'amd64', os.version: '10.0', java.version: '17.0.2'
Driver info: org.openqa.selenium.chrome.ChromeDriver
Command: [303fee7b3aaf9fbd8ed304a2f0cdc372, findElement {value=select[style='width: 200px;'], using=css selector}]
Capabilities {acceptInsecureCerts: false, browserName: chrome, browserVersion: 137.0.7151.69, chrome: {chromedriverVersion: 136.0.7103.49 (031848bc6ad0..., userDataDir: C:\Users\lynxt\AppData\Loca...}, fedcm:accounts: true, goog:chromeOptions: {debuggerAddress: localhost:57543}, networkConnectionEnabled: false, pageLoadStrategy: normal, platformName: windows, proxy: Proxy(), se:cdp: ws://localhost:57543/devtoo..., se:cdpVersion: 137.0.7151.69, setWindowRect: true, strictFileInteractability: false, timeouts: {implicit: 0, pageLoad: 300000, script: 30000}, unhandledPromptBehavior: dismiss and notify, webauthn:extension:credBlob: true, webauthn:extension:largeBlob: true, webauthn:extension:minPinLength: true, webauthn:extension:prf: true, webauthn:virtualAuthenticators: true}
Session ID: 303fee7b3aaf9fbd8ed304a2f0cdc372
at jdk.internal.reflect.GeneratedConstructorAccessor22.newInstance(Unknown Source)
at java.base/jdk.internal.reflect.DelegatingConstructorAccessorImpl.newInstance(DelegatingConstructorAccessorImpl.java:45)
at java.base/java.lang.reflect.Constructor.newInstanceWithCaller(Constructor.java:499)
at java.base/java.lang.reflect.Constructor.newInstance(Constructor.java:480)
at org.openqa.selenium.remote.ErrorCodec.decode(ErrorCodec.java:167)
at org.openqa.selenium.remote.codec.w3c.W3CHttpResponseCodec.decode(W3CHttpResponseCodec.java:138)
at org.openqa.selenium.remote.codec.w3c.W3CHttpResponseCodec.decode(W3CHttpResponseCodec.java:50)
at org.openqa.selenium.remote.HttpCommandExecutor.execute(HttpCommandExecutor.java:215)
at org.openqa.selenium.remote.service.DriverCommandExecutor.invokeExecute(DriverCommandExecutor.java:216)
at org.openqa.selenium.remote.service.DriverCommandExecutor.execute(DriverCommandExecutor.java:174)
at org.openqa.selenium.remote.RemoteWebDriver.execute(RemoteWebDriver.java:544)
at org.openqa.selenium.remote.ElementLocation$ElementFinder$2.findElement(ElementLocation.java:165)
at org.openqa.selenium.remote.ElementLocation.findElement(ElementLocation.java:59)
at org.openqa.selenium.remote.RemoteWebDriver.findElement(RemoteWebDriver.java:367)
at org.openqa.selenium.remote.RemoteWebDriver.findElement(RemoteWebDriver.java:361)
at org.openqa.selenium.support.pagefactory.DefaultElementLocator.findElement(DefaultElementLocator.java:68)
at org.openqa.selenium.support.pagefactory.internal.LocatingElementHandler.invoke(LocatingElementHandler.java:38)
at jdk.proxy2/jdk.proxy2.$Proxy33.getTagName(Unknown Source)
at org.openqa.selenium.support.ui.Select.<init>(Select.java:41)
at greenkart.pageObject.OrderSubmissionPage.validateSelectedCountry(OrderSubmissionPage.java:59)
at greenkart.testCases.TestExecution.TC9(TestExecution.java:111)
at java.base/jdk.internal.reflect.NativeMethodAccessorImpl.invoke0(Native Method)
at java.base/jdk.internal.reflect.NativeMethodAccessorImpl.invoke(NativeMethodAccessorImpl.java:77)
at java.base/jdk.internal.reflect.DelegatingMethodAccessorImpl.invoke(DelegatingMethodAccessorImpl.java:43)
at java.base/java.lang.reflect.Method.invoke(Method.java:568)
at org.testng.internal.invokers.MethodInvocationHelper.invokeMethod(MethodInvocationHelper.java:141)
at org.testng.internal.invokers.TestInvoker.invokeMethod(TestInvoker.java:687)
at org.testng.internal.invokers.TestInvoker.invokeTestMethod(TestInvoker.java:230)
at org.testng.internal.invokers.MethodRunner.runInSequence(MethodRunner.java:63)
at org.testng.internal.invokers.TestInvoker$MethodInvocationAgent.invoke(TestInvoker.java:995)
at org.testng.internal.invokers.TestInvoker.invokeTestMethods(TestInvoker.java:203)
at org.testng.internal.invokers.TestMethodWorker.invokeTestMethods(TestMethodWorker.java:154)
at org.testng.internal.invokers.TestMethodWorker.run(TestMethodWorker.java:134)
at java.base/java.util.ArrayList.forEach(ArrayList.java:1511)
at org.testng.TestRunner.privateRun(TestRunner.java:741)
at org.testng.TestRunner.run(TestRunner.java:616)
at org.testng.SuiteRunner.runTest(SuiteRunner.java:421)
at org.testng.SuiteRunner.runSequentially(SuiteRunner.java:413)
at org.testng.SuiteRunner.privateRun(SuiteRunner.java:373)
at org.testng.SuiteRunner.run(SuiteRunner.java:312)
at org.testng.SuiteRunnerWorker.runSuite(SuiteRunnerWorker.java:52)
at org.testng.SuiteRunnerWorker.run(SuiteRunnerWorker.java:95)
at org.testng.TestNG.runSuitesSequentially(TestNG.java:1274)
at org.testng.TestNG.runSuitesLocally(TestNG.java:1208)
at org.testng.TestNG.runSuites(TestNG.java:1112)
at org.testng.TestNG.run(TestNG.java:1079)
at org.apache.maven.surefire.testng.TestNGExecutor.run(TestNGExecutor.java:308)
at org.apache.maven.surefire.testng.TestNGXmlTestSuite.execute(TestNGXmlTestSuite.java:71)
at org.apache.maven.surefire.testng.TestNGProvider.invoke(TestNGProvider.java:113)
at org.apache.maven.surefire.booter.ForkedBooter.runSuitesInProcess(ForkedBooter.java:385)
at org.apache.maven.surefire.booter.ForkedBooter.execute(ForkedBooter.java:162)
at org.apache.maven.surefire.booter.ForkedBooter.run(ForkedBooter.java:507)
at org.apache.maven.surefire.booter.ForkedBooter.main(ForkedBooter.java:495)
]]>
            </full-stacktrace>
          </exception> <!-- org.openqa.selenium.NoSuchElementException -->
          <reporter-output>
          </reporter-output>
        </test-method> <!-- TC9 -->
        <test-method is-config="true" signature="afterTest(org.testng.ITestResult)[pri:0, instance:greenkart.testCases.TestExecution@42f33b5d]" started-at="2025-06-05T13:15:37 EEST" name="afterTest" finished-at="2025-06-05T13:15:37 EEST" duration-ms="278" status="PASS">
          <params>
            <param index="0">
              <value>
                <![CDATA[[TestResult name=TC9 status=FAILURE method=TestExecution.TC9()[pri:0, instance:greenkart.testCases.TestExecution@42f33b5d] output={null}]]]>
              </value>
            </param>
          </params>
          <reporter-output>
          </reporter-output>
        </test-method> <!-- afterTest -->
        <test-method signature="TC10()[pri:0, instance:greenkart.testCases.TestExecution@42f33b5d]" started-at="2025-06-05T13:15:37 EEST" name="TC10" finished-at="2025-06-05T13:15:37 EEST" depends-on-methods="greenkart.testCases.TestExecution.TC9" duration-ms="0" status="SKIP">
          <exception class="java.lang.Throwable">
            <message>
              <![CDATA[Method greenkart.testCases.TestExecution.TC10() on instance greenkart.testCases.TestExecution@42f33b5d depends on not successfully finished methods 
[greenkart.testCases.TestExecution.TC9() on instance greenkart.testCases.TestExecution@42f33b5d]]]>
            </message>
            <full-stacktrace>
              <![CDATA[java.lang.Throwable: Method greenkart.testCases.TestExecution.TC10() on instance greenkart.testCases.TestExecution@42f33b5d depends on not successfully finished methods 
[greenkart.testCases.TestExecution.TC9() on instance greenkart.testCases.TestExecution@42f33b5d]
at org.testng.internal.invokers.TestInvoker.invokeTestMethods(TestInvoker.java:159)
at org.testng.internal.invokers.TestMethodWorker.invokeTestMethods(TestMethodWorker.java:154)
at org.testng.internal.invokers.TestMethodWorker.run(TestMethodWorker.java:134)
at java.base/java.util.ArrayList.forEach(ArrayList.java:1511)
at org.testng.TestRunner.privateRun(TestRunner.java:741)
at org.testng.TestRunner.run(TestRunner.java:616)
at org.testng.SuiteRunner.runTest(SuiteRunner.java:421)
at org.testng.SuiteRunner.runSequentially(SuiteRunner.java:413)
at org.testng.SuiteRunner.privateRun(SuiteRunner.java:373)
at org.testng.SuiteRunner.run(SuiteRunner.java:312)
at org.testng.SuiteRunnerWorker.runSuite(SuiteRunnerWorker.java:52)
at org.testng.SuiteRunnerWorker.run(SuiteRunnerWorker.java:95)
at org.testng.TestNG.runSuitesSequentially(TestNG.java:1274)
at org.testng.TestNG.runSuitesLocally(TestNG.java:1208)
at org.testng.TestNG.runSuites(TestNG.java:1112)
at org.testng.TestNG.run(TestNG.java:1079)
at org.apache.maven.surefire.testng.TestNGExecutor.run(TestNGExecutor.java:308)
at org.apache.maven.surefire.testng.TestNGXmlTestSuite.execute(TestNGXmlTestSuite.java:71)
at org.apache.maven.surefire.testng.TestNGProvider.invoke(TestNGProvider.java:113)
at org.apache.maven.surefire.booter.ForkedBooter.runSuitesInProcess(ForkedBooter.java:385)
at org.apache.maven.surefire.booter.ForkedBooter.execute(ForkedBooter.java:162)
at org.apache.maven.surefire.booter.ForkedBooter.run(ForkedBooter.java:507)
at org.apache.maven.surefire.booter.ForkedBooter.main(ForkedBooter.java:495)
]]>
            </full-stacktrace>
          </exception> <!-- java.lang.Throwable -->
          <reporter-output>
          </reporter-output>
        </test-method> <!-- TC10 -->
        <test-method is-config="true" signature="testRunLog()[pri:0, instance:greenkart.testCases.TestExecution@42f33b5d]" started-at="2025-06-05T13:15:37 EEST" name="testRunLog" finished-at="2025-06-05T13:15:37 EEST" duration-ms="0" status="PASS">
          <reporter-output>
          </reporter-output>
        </test-method> <!-- testRunLog -->
        <test-method signature="TC11()[pri:0, instance:greenkart.testCases.TestExecution@42f33b5d]" started-at="2025-06-05T13:15:37 EEST" name="TC11" finished-at="2025-06-05T13:15:37 EEST" depends-on-methods="greenkart.testCases.TestExecution.TC10" duration-ms="0" status="SKIP">
          <exception class="java.lang.Throwable">
            <message>
              <![CDATA[Method greenkart.testCases.TestExecution.TC11() on instance greenkart.testCases.TestExecution@42f33b5d depends on not successfully finished methods 
[greenkart.testCases.TestExecution.TC10() on instance greenkart.testCases.TestExecution@42f33b5d]]]>
            </message>
            <full-stacktrace>
              <![CDATA[java.lang.Throwable: Method greenkart.testCases.TestExecution.TC11() on instance greenkart.testCases.TestExecution@42f33b5d depends on not successfully finished methods 
[greenkart.testCases.TestExecution.TC10() on instance greenkart.testCases.TestExecution@42f33b5d]
at org.testng.internal.invokers.TestInvoker.invokeTestMethods(TestInvoker.java:159)
at org.testng.internal.invokers.TestMethodWorker.invokeTestMethods(TestMethodWorker.java:154)
at org.testng.internal.invokers.TestMethodWorker.run(TestMethodWorker.java:134)
at java.base/java.util.ArrayList.forEach(ArrayList.java:1511)
at org.testng.TestRunner.privateRun(TestRunner.java:741)
at org.testng.TestRunner.run(TestRunner.java:616)
at org.testng.SuiteRunner.runTest(SuiteRunner.java:421)
at org.testng.SuiteRunner.runSequentially(SuiteRunner.java:413)
at org.testng.SuiteRunner.privateRun(SuiteRunner.java:373)
at org.testng.SuiteRunner.run(SuiteRunner.java:312)
at org.testng.SuiteRunnerWorker.runSuite(SuiteRunnerWorker.java:52)
at org.testng.SuiteRunnerWorker.run(SuiteRunnerWorker.java:95)
at org.testng.TestNG.runSuitesSequentially(TestNG.java:1274)
at org.testng.TestNG.runSuitesLocally(TestNG.java:1208)
at org.testng.TestNG.runSuites(TestNG.java:1112)
at org.testng.TestNG.run(TestNG.java:1079)
at org.apache.maven.surefire.testng.TestNGExecutor.run(TestNGExecutor.java:308)
at org.apache.maven.surefire.testng.TestNGXmlTestSuite.execute(TestNGXmlTestSuite.java:71)
at org.apache.maven.surefire.testng.TestNGProvider.invoke(TestNGProvider.java:113)
at org.apache.maven.surefire.booter.ForkedBooter.runSuitesInProcess(ForkedBooter.java:385)
at org.apache.maven.surefire.booter.ForkedBooter.execute(ForkedBooter.java:162)
at org.apache.maven.surefire.booter.ForkedBooter.run(ForkedBooter.java:507)
at org.apache.maven.surefire.booter.ForkedBooter.main(ForkedBooter.java:495)
]]>
            </full-stacktrace>
          </exception> <!-- java.lang.Throwable -->
          <reporter-output>
          </reporter-output>
        </test-method> <!-- TC11 -->
        <test-method signature="TC13()[pri:0, instance:greenkart.testCases.TestExecution@42f33b5d]" started-at="2025-06-05T13:15:37 EEST" name="TC13" finished-at="2025-06-05T13:15:37 EEST" depends-on-methods="greenkart.testCases.TestExecution.TC12" duration-ms="0" status="SKIP">
          <exception class="java.lang.Throwable">
            <message>
              <![CDATA[Method greenkart.testCases.TestExecution.TC13() on instance greenkart.testCases.TestExecution@42f33b5d depends on not successfully finished methods 
[greenkart.testCases.TestExecution.TC12() on instance greenkart.testCases.TestExecution@42f33b5d]]]>
            </message>
            <full-stacktrace>
              <![CDATA[java.lang.Throwable: Method greenkart.testCases.TestExecution.TC13() on instance greenkart.testCases.TestExecution@42f33b5d depends on not successfully finished methods 
[greenkart.testCases.TestExecution.TC12() on instance greenkart.testCases.TestExecution@42f33b5d]
at org.testng.internal.invokers.TestInvoker.invokeTestMethods(TestInvoker.java:159)
at org.testng.internal.invokers.TestMethodWorker.invokeTestMethods(TestMethodWorker.java:154)
at org.testng.internal.invokers.TestMethodWorker.run(TestMethodWorker.java:134)
at java.base/java.util.ArrayList.forEach(ArrayList.java:1511)
at org.testng.TestRunner.privateRun(TestRunner.java:741)
at org.testng.TestRunner.run(TestRunner.java:616)
at org.testng.SuiteRunner.runTest(SuiteRunner.java:421)
at org.testng.SuiteRunner.runSequentially(SuiteRunner.java:413)
at org.testng.SuiteRunner.privateRun(SuiteRunner.java:373)
at org.testng.SuiteRunner.run(SuiteRunner.java:312)
at org.testng.SuiteRunnerWorker.runSuite(SuiteRunnerWorker.java:52)
at org.testng.SuiteRunnerWorker.run(SuiteRunnerWorker.java:95)
at org.testng.TestNG.runSuitesSequentially(TestNG.java:1274)
at org.testng.TestNG.runSuitesLocally(TestNG.java:1208)
at org.testng.TestNG.runSuites(TestNG.java:1112)
at org.testng.TestNG.run(TestNG.java:1079)
at org.apache.maven.surefire.testng.TestNGExecutor.run(TestNGExecutor.java:308)
at org.apache.maven.surefire.testng.TestNGXmlTestSuite.execute(TestNGXmlTestSuite.java:71)
at org.apache.maven.surefire.testng.TestNGProvider.invoke(TestNGProvider.java:113)
at org.apache.maven.surefire.booter.ForkedBooter.runSuitesInProcess(ForkedBooter.java:385)
at org.apache.maven.surefire.booter.ForkedBooter.execute(ForkedBooter.java:162)
at org.apache.maven.surefire.booter.ForkedBooter.run(ForkedBooter.java:507)
at org.apache.maven.surefire.booter.ForkedBooter.main(ForkedBooter.java:495)
]]>
            </full-stacktrace>
          </exception> <!-- java.lang.Throwable -->
          <reporter-output>
          </reporter-output>
        </test-method> <!-- TC13 -->
        <test-method signature="TC12()[pri:0, instance:greenkart.testCases.TestExecution@42f33b5d]" started-at="2025-06-05T13:15:37 EEST" name="TC12" finished-at="2025-06-05T13:15:37 EEST" depends-on-methods="greenkart.testCases.TestExecution.TC11" duration-ms="0" status="SKIP">
          <exception class="java.lang.Throwable">
            <message>
              <![CDATA[Method greenkart.testCases.TestExecution.TC12() on instance greenkart.testCases.TestExecution@42f33b5d depends on not successfully finished methods 
[greenkart.testCases.TestExecution.TC11() on instance greenkart.testCases.TestExecution@42f33b5d]]]>
            </message>
            <full-stacktrace>
              <![CDATA[java.lang.Throwable: Method greenkart.testCases.TestExecution.TC12() on instance greenkart.testCases.TestExecution@42f33b5d depends on not successfully finished methods 
[greenkart.testCases.TestExecution.TC11() on instance greenkart.testCases.TestExecution@42f33b5d]
at org.testng.internal.invokers.TestInvoker.invokeTestMethods(TestInvoker.java:159)
at org.testng.internal.invokers.TestMethodWorker.invokeTestMethods(TestMethodWorker.java:154)
at org.testng.internal.invokers.TestMethodWorker.run(TestMethodWorker.java:134)
at java.base/java.util.ArrayList.forEach(ArrayList.java:1511)
at org.testng.TestRunner.privateRun(TestRunner.java:741)
at org.testng.TestRunner.run(TestRunner.java:616)
at org.testng.SuiteRunner.runTest(SuiteRunner.java:421)
at org.testng.SuiteRunner.runSequentially(SuiteRunner.java:413)
at org.testng.SuiteRunner.privateRun(SuiteRunner.java:373)
at org.testng.SuiteRunner.run(SuiteRunner.java:312)
at org.testng.SuiteRunnerWorker.runSuite(SuiteRunnerWorker.java:52)
at org.testng.SuiteRunnerWorker.run(SuiteRunnerWorker.java:95)
at org.testng.TestNG.runSuitesSequentially(TestNG.java:1274)
at org.testng.TestNG.runSuitesLocally(TestNG.java:1208)
at org.testng.TestNG.runSuites(TestNG.java:1112)
at org.testng.TestNG.run(TestNG.java:1079)
at org.apache.maven.surefire.testng.TestNGExecutor.run(TestNGExecutor.java:308)
at org.apache.maven.surefire.testng.TestNGXmlTestSuite.execute(TestNGXmlTestSuite.java:71)
at org.apache.maven.surefire.testng.TestNGProvider.invoke(TestNGProvider.java:113)
at org.apache.maven.surefire.booter.ForkedBooter.runSuitesInProcess(ForkedBooter.java:385)
at org.apache.maven.surefire.booter.ForkedBooter.execute(ForkedBooter.java:162)
at org.apache.maven.surefire.booter.ForkedBooter.run(ForkedBooter.java:507)
at org.apache.maven.surefire.booter.ForkedBooter.main(ForkedBooter.java:495)
]]>
            </full-stacktrace>
          </exception> <!-- java.lang.Throwable -->
          <reporter-output>
          </reporter-output>
        </test-method> <!-- TC12 -->
        <test-method signature="TC14()[pri:0, instance:greenkart.testCases.TestExecution@42f33b5d]" started-at="2025-06-05T13:15:37 EEST" name="TC14" finished-at="2025-06-05T13:15:37 EEST" depends-on-methods="greenkart.testCases.TestExecution.TC13" duration-ms="0" status="SKIP">
          <exception class="java.lang.Throwable">
            <message>
              <![CDATA[Method greenkart.testCases.TestExecution.TC14() on instance greenkart.testCases.TestExecution@42f33b5d depends on not successfully finished methods 
[greenkart.testCases.TestExecution.TC13() on instance greenkart.testCases.TestExecution@42f33b5d]]]>
            </message>
            <full-stacktrace>
              <![CDATA[java.lang.Throwable: Method greenkart.testCases.TestExecution.TC14() on instance greenkart.testCases.TestExecution@42f33b5d depends on not successfully finished methods 
[greenkart.testCases.TestExecution.TC13() on instance greenkart.testCases.TestExecution@42f33b5d]
at org.testng.internal.invokers.TestInvoker.invokeTestMethods(TestInvoker.java:159)
at org.testng.internal.invokers.TestMethodWorker.invokeTestMethods(TestMethodWorker.java:154)
at org.testng.internal.invokers.TestMethodWorker.run(TestMethodWorker.java:134)
at java.base/java.util.ArrayList.forEach(ArrayList.java:1511)
at org.testng.TestRunner.privateRun(TestRunner.java:741)
at org.testng.TestRunner.run(TestRunner.java:616)
at org.testng.SuiteRunner.runTest(SuiteRunner.java:421)
at org.testng.SuiteRunner.runSequentially(SuiteRunner.java:413)
at org.testng.SuiteRunner.privateRun(SuiteRunner.java:373)
at org.testng.SuiteRunner.run(SuiteRunner.java:312)
at org.testng.SuiteRunnerWorker.runSuite(SuiteRunnerWorker.java:52)
at org.testng.SuiteRunnerWorker.run(SuiteRunnerWorker.java:95)
at org.testng.TestNG.runSuitesSequentially(TestNG.java:1274)
at org.testng.TestNG.runSuitesLocally(TestNG.java:1208)
at org.testng.TestNG.runSuites(TestNG.java:1112)
at org.testng.TestNG.run(TestNG.java:1079)
at org.apache.maven.surefire.testng.TestNGExecutor.run(TestNGExecutor.java:308)
at org.apache.maven.surefire.testng.TestNGXmlTestSuite.execute(TestNGXmlTestSuite.java:71)
at org.apache.maven.surefire.testng.TestNGProvider.invoke(TestNGProvider.java:113)
at org.apache.maven.surefire.booter.ForkedBooter.runSuitesInProcess(ForkedBooter.java:385)
at org.apache.maven.surefire.booter.ForkedBooter.execute(ForkedBooter.java:162)
at org.apache.maven.surefire.booter.ForkedBooter.run(ForkedBooter.java:507)
at org.apache.maven.surefire.booter.ForkedBooter.main(ForkedBooter.java:495)
]]>
            </full-stacktrace>
          </exception> <!-- java.lang.Throwable -->
          <reporter-output>
          </reporter-output>
        </test-method> <!-- TC14 -->
        <test-method signature="TC15()[pri:0, instance:greenkart.testCases.TestExecution@42f33b5d]" started-at="2025-06-05T13:15:37 EEST" name="TC15" finished-at="2025-06-05T13:15:37 EEST" depends-on-methods="greenkart.testCases.TestExecution.TC14" duration-ms="0" status="SKIP">
          <exception class="java.lang.Throwable">
            <message>
              <![CDATA[Method greenkart.testCases.TestExecution.TC15() on instance greenkart.testCases.TestExecution@42f33b5d depends on not successfully finished methods 
[greenkart.testCases.TestExecution.TC14() on instance greenkart.testCases.TestExecution@42f33b5d]]]>
            </message>
            <full-stacktrace>
              <![CDATA[java.lang.Throwable: Method greenkart.testCases.TestExecution.TC15() on instance greenkart.testCases.TestExecution@42f33b5d depends on not successfully finished methods 
[greenkart.testCases.TestExecution.TC14() on instance greenkart.testCases.TestExecution@42f33b5d]
at org.testng.internal.invokers.TestInvoker.invokeTestMethods(TestInvoker.java:159)
at org.testng.internal.invokers.TestMethodWorker.invokeTestMethods(TestMethodWorker.java:154)
at org.testng.internal.invokers.TestMethodWorker.run(TestMethodWorker.java:134)
at java.base/java.util.ArrayList.forEach(ArrayList.java:1511)
at org.testng.TestRunner.privateRun(TestRunner.java:741)
at org.testng.TestRunner.run(TestRunner.java:616)
at org.testng.SuiteRunner.runTest(SuiteRunner.java:421)
at org.testng.SuiteRunner.runSequentially(SuiteRunner.java:413)
at org.testng.SuiteRunner.privateRun(SuiteRunner.java:373)
at org.testng.SuiteRunner.run(SuiteRunner.java:312)
at org.testng.SuiteRunnerWorker.runSuite(SuiteRunnerWorker.java:52)
at org.testng.SuiteRunnerWorker.run(SuiteRunnerWorker.java:95)
at org.testng.TestNG.runSuitesSequentially(TestNG.java:1274)
at org.testng.TestNG.runSuitesLocally(TestNG.java:1208)
at org.testng.TestNG.runSuites(TestNG.java:1112)
at org.testng.TestNG.run(TestNG.java:1079)
at org.apache.maven.surefire.testng.TestNGExecutor.run(TestNGExecutor.java:308)
at org.apache.maven.surefire.testng.TestNGXmlTestSuite.execute(TestNGXmlTestSuite.java:71)
at org.apache.maven.surefire.testng.TestNGProvider.invoke(TestNGProvider.java:113)
at org.apache.maven.surefire.booter.ForkedBooter.runSuitesInProcess(ForkedBooter.java:385)
at org.apache.maven.surefire.booter.ForkedBooter.execute(ForkedBooter.java:162)
at org.apache.maven.surefire.booter.ForkedBooter.run(ForkedBooter.java:507)
at org.apache.maven.surefire.booter.ForkedBooter.main(ForkedBooter.java:495)
]]>
            </full-stacktrace>
          </exception> <!-- java.lang.Throwable -->
          <reporter-output>
          </reporter-output>
        </test-method> <!-- TC15 -->
        <test-method signature="TC16()[pri:0, instance:greenkart.testCases.TestExecution@42f33b5d]" started-at="2025-06-05T13:15:37 EEST" name="TC16" finished-at="2025-06-05T13:15:37 EEST" depends-on-methods="greenkart.testCases.TestExecution.TC15" duration-ms="0" status="SKIP">
          <exception class="java.lang.Throwable">
            <message>
              <![CDATA[Method greenkart.testCases.TestExecution.TC16() on instance greenkart.testCases.TestExecution@42f33b5d depends on not successfully finished methods 
[greenkart.testCases.TestExecution.TC15() on instance greenkart.testCases.TestExecution@42f33b5d]]]>
            </message>
            <full-stacktrace>
              <![CDATA[java.lang.Throwable: Method greenkart.testCases.TestExecution.TC16() on instance greenkart.testCases.TestExecution@42f33b5d depends on not successfully finished methods 
[greenkart.testCases.TestExecution.TC15() on instance greenkart.testCases.TestExecution@42f33b5d]
at org.testng.internal.invokers.TestInvoker.invokeTestMethods(TestInvoker.java:159)
at org.testng.internal.invokers.TestMethodWorker.invokeTestMethods(TestMethodWorker.java:154)
at org.testng.internal.invokers.TestMethodWorker.run(TestMethodWorker.java:134)
at java.base/java.util.ArrayList.forEach(ArrayList.java:1511)
at org.testng.TestRunner.privateRun(TestRunner.java:741)
at org.testng.TestRunner.run(TestRunner.java:616)
at org.testng.SuiteRunner.runTest(SuiteRunner.java:421)
at org.testng.SuiteRunner.runSequentially(SuiteRunner.java:413)
at org.testng.SuiteRunner.privateRun(SuiteRunner.java:373)
at org.testng.SuiteRunner.run(SuiteRunner.java:312)
at org.testng.SuiteRunnerWorker.runSuite(SuiteRunnerWorker.java:52)
at org.testng.SuiteRunnerWorker.run(SuiteRunnerWorker.java:95)
at org.testng.TestNG.runSuitesSequentially(TestNG.java:1274)
at org.testng.TestNG.runSuitesLocally(TestNG.java:1208)
at org.testng.TestNG.runSuites(TestNG.java:1112)
at org.testng.TestNG.run(TestNG.java:1079)
at org.apache.maven.surefire.testng.TestNGExecutor.run(TestNGExecutor.java:308)
at org.apache.maven.surefire.testng.TestNGXmlTestSuite.execute(TestNGXmlTestSuite.java:71)
at org.apache.maven.surefire.testng.TestNGProvider.invoke(TestNGProvider.java:113)
at org.apache.maven.surefire.booter.ForkedBooter.runSuitesInProcess(ForkedBooter.java:385)
at org.apache.maven.surefire.booter.ForkedBooter.execute(ForkedBooter.java:162)
at org.apache.maven.surefire.booter.ForkedBooter.run(ForkedBooter.java:507)
at org.apache.maven.surefire.booter.ForkedBooter.main(ForkedBooter.java:495)
]]>
            </full-stacktrace>
          </exception> <!-- java.lang.Throwable -->
          <reporter-output>
          </reporter-output>
        </test-method> <!-- TC16 -->
        <test-method signature="TC17()[pri:0, instance:greenkart.testCases.TestExecution@42f33b5d]" started-at="2025-06-05T13:15:37 EEST" name="TC17" finished-at="2025-06-05T13:15:37 EEST" depends-on-methods="greenkart.testCases.TestExecution.TC16" duration-ms="0" status="SKIP">
          <exception class="java.lang.Throwable">
            <message>
              <![CDATA[Method greenkart.testCases.TestExecution.TC17() on instance greenkart.testCases.TestExecution@42f33b5d depends on not successfully finished methods 
[greenkart.testCases.TestExecution.TC16() on instance greenkart.testCases.TestExecution@42f33b5d]]]>
            </message>
            <full-stacktrace>
              <![CDATA[java.lang.Throwable: Method greenkart.testCases.TestExecution.TC17() on instance greenkart.testCases.TestExecution@42f33b5d depends on not successfully finished methods 
[greenkart.testCases.TestExecution.TC16() on instance greenkart.testCases.TestExecution@42f33b5d]
at org.testng.internal.invokers.TestInvoker.invokeTestMethods(TestInvoker.java:159)
at org.testng.internal.invokers.TestMethodWorker.invokeTestMethods(TestMethodWorker.java:154)
at org.testng.internal.invokers.TestMethodWorker.run(TestMethodWorker.java:134)
at java.base/java.util.ArrayList.forEach(ArrayList.java:1511)
at org.testng.TestRunner.privateRun(TestRunner.java:741)
at org.testng.TestRunner.run(TestRunner.java:616)
at org.testng.SuiteRunner.runTest(SuiteRunner.java:421)
at org.testng.SuiteRunner.runSequentially(SuiteRunner.java:413)
at org.testng.SuiteRunner.privateRun(SuiteRunner.java:373)
at org.testng.SuiteRunner.run(SuiteRunner.java:312)
at org.testng.SuiteRunnerWorker.runSuite(SuiteRunnerWorker.java:52)
at org.testng.SuiteRunnerWorker.run(SuiteRunnerWorker.java:95)
at org.testng.TestNG.runSuitesSequentially(TestNG.java:1274)
at org.testng.TestNG.runSuitesLocally(TestNG.java:1208)
at org.testng.TestNG.runSuites(TestNG.java:1112)
at org.testng.TestNG.run(TestNG.java:1079)
at org.apache.maven.surefire.testng.TestNGExecutor.run(TestNGExecutor.java:308)
at org.apache.maven.surefire.testng.TestNGXmlTestSuite.execute(TestNGXmlTestSuite.java:71)
at org.apache.maven.surefire.testng.TestNGProvider.invoke(TestNGProvider.java:113)
at org.apache.maven.surefire.booter.ForkedBooter.runSuitesInProcess(ForkedBooter.java:385)
at org.apache.maven.surefire.booter.ForkedBooter.execute(ForkedBooter.java:162)
at org.apache.maven.surefire.booter.ForkedBooter.run(ForkedBooter.java:507)
at org.apache.maven.surefire.booter.ForkedBooter.main(ForkedBooter.java:495)
]]>
            </full-stacktrace>
          </exception> <!-- java.lang.Throwable -->
          <reporter-output>
          </reporter-output>
        </test-method> <!-- TC17 -->
        <test-method is-config="true" signature="tearDown()[pri:0, instance:greenkart.testCases.TestExecution@42f33b5d]" started-at="2025-06-05T13:15:37 EEST" name="tearDown" finished-at="2025-06-05T13:15:38 EEST" duration-ms="244" status="PASS">
          <reporter-output>
          </reporter-output>
        </test-method> <!-- tearDown -->
      </class> <!-- greenkart.testCases.TestExecution -->
    </test> <!-- Test 1 -->
  </suite> <!-- Suite -->
</testng-results>
