<!DOCTYPE html PUBLIC "-//W3C//DTD XHTML 1.1//EN" "https://www.w3.org/TR/xhtml11/DTD/xhtml11.dtd">
<html xmlns="https://www.w3.org/1999/xhtml">
<head>
<meta http-equiv="content-type" content="text/html; charset=UTF-8"/>
<title>TestNG Report</title>
<style type="text/css">table {margin-bottom:10px;border-collapse:collapse;empty-cells:show}th,td {border:1px solid #009;padding:.25em .5em}th {vertical-align:bottom}td {vertical-align:top}table a {font-weight:bold}.stripe td {background-color: #E6EBF9}.num {text-align:right}.passedodd td {background-color: #3F3}.passedeven td {background-color: #0A0}.skippedodd td {background-color: #DDD}.skippedeven td {background-color: #CCC}.failedodd td,.attn {background-color: #F33}.failedeven td,.stripe .attn {background-color: #D00}.stacktrace {white-space:pre;font-family:monospace}.totop {font-size:85%;text-align:center;border-bottom:2px solid #000}.invisible {display:none}</style>
</head>
<body>
<table>
<tr><th>Test</th><th># Passed</th><th># Skipped</th><th># Retried</th><th># Failed</th><th>Time (ms)</th><th>Included Groups</th><th>Excluded Groups</th></tr>
<tr><th colspan="8">Suite</th></tr>
<tr><td><a href="#t0">Test 1</a></td><td class="num">0</td><td class="num attn">18</td><td class="num">0</td><td class="num">0</td><td class="num">1,231</td><td></td><td></td></tr>
</table>
<table id='summary'><thead><tr><th>Class</th><th>Method</th><th>Start</th><th>Time (ms)</th></tr></thead><tbody><tr><th colspan="4">Suite</th></tr></tbody><tbody id="t0"><tr><th colspan="4">Test 1 &#8212; failed (configuration methods)</th></tr><tr class="failedeven"><td rowspan="1">greenkart.testCases.TestExecution</td><td><a href="#m0">setUP</a></td><td rowspan="1">1751024331977</td><td rowspan="1">1028</td></tr><tr><th colspan="4">Test 1 &#8212; skipped (configuration methods)</th></tr><tr class="skippedeven"><td rowspan="3">greenkart.testCases.TestExecution</td><td><a href="#m1">afterTest</a></td><td rowspan="1">1751024333076</td><td rowspan="1">0</td></tr><tr class="skippedeven"><td><a href="#m2">tearDown</a></td><td rowspan="1">1751024333186</td><td rowspan="1">0</td></tr><tr class="skippedeven"><td><a href="#m3">testRunLog</a></td><td rowspan="1">1751024333083</td><td rowspan="1">0</td></tr><tr><th colspan="4">Test 1 &#8212; skipped</th></tr><tr class="skippedeven"><td rowspan="18">greenkart.testCases.TestExecution</td><td><a href="#m4">TC1</a></td><td rowspan="1">1751024333089</td><td rowspan="1">0</td></tr><tr class="skippedeven"><td><a href="#m5">TC10</a></td><td rowspan="1">1751024333145</td><td rowspan="1">0</td></tr><tr class="skippedeven"><td><a href="#m6">TC11</a></td><td rowspan="1">1751024333149</td><td rowspan="1">0</td></tr><tr class="skippedeven"><td><a href="#m7">TC12</a></td><td rowspan="1">1751024333154</td><td rowspan="1">0</td></tr><tr class="skippedeven"><td><a href="#m8">TC13</a></td><td rowspan="1">1751024333160</td><td rowspan="1">0</td></tr><tr class="skippedeven"><td><a href="#m9">TC14</a></td><td rowspan="1">1751024333164</td><td rowspan="1">0</td></tr><tr class="skippedeven"><td><a href="#m10">TC15</a></td><td rowspan="1">1751024333173</td><td rowspan="1">0</td></tr><tr class="skippedeven"><td><a href="#m11">TC16</a></td><td rowspan="1">1751024333178</td><td rowspan="1">0</td></tr><tr class="skippedeven"><td><a href="#m12">TC17</a></td><td rowspan="1">1751024333181</td><td rowspan="1">0</td></tr><tr class="skippedeven"><td><a href="#m13">TC2</a></td><td rowspan="1">1751024333098</td><td rowspan="1">0</td></tr><tr class="skippedeven"><td><a href="#m14">TC3</a></td><td rowspan="1">1751024333104</td><td rowspan="1">0</td></tr><tr class="skippedeven"><td><a href="#m15">TC4</a></td><td rowspan="1">1751024333109</td><td rowspan="1">0</td></tr><tr class="skippedeven"><td><a href="#m16">TC5</a></td><td rowspan="1">1751024333115</td><td rowspan="1">0</td></tr><tr class="skippedeven"><td><a href="#m17">TC6</a></td><td rowspan="1">1751024333121</td><td rowspan="1">0</td></tr><tr class="skippedeven"><td><a href="#m18">TC7</a></td><td rowspan="1">1751024333127</td><td rowspan="1">0</td></tr><tr class="skippedeven"><td><a href="#m19">TC8</a></td><td rowspan="1">1751024333135</td><td rowspan="1">0</td></tr><tr class="skippedeven"><td><a href="#m20">TC9</a></td><td rowspan="1">1751024333140</td><td rowspan="1">0</td></tr><tr class="skippedeven"><td><a href="#m21">TestStart</a></td><td rowspan="1">1751024333070</td><td rowspan="1">0</td></tr></tbody>
</table>
<h2>Test 1</h2><h3 id="m0">greenkart.testCases.TestExecution#setUP</h3><table class="result"><tr><th>Exception</th></tr><tr><td><div class="stacktrace">org.openqa.selenium.SessionNotCreatedException: Could not start a new session. Response code 500. Message: session not created: This version of ChromeDriver only supports Chrome version 136
Current browser version is 138.0.7204.50 with binary path C:\Program Files\Google\Chrome\Application\chrome.exe 
Host info: host: &apos;TEST&apos;, ip: &apos;192.168.1.201&apos;
Build info: version: &apos;4.33.0&apos;, revision: &apos;2c6aaad03a&apos;
System info: os.name: &apos;Windows 11&apos;, os.arch: &apos;amd64&apos;, os.version: &apos;10.0&apos;, java.version: &apos;17.0.2&apos;
Driver info: org.openqa.selenium.chrome.ChromeDriver
Command: [null, newSession {capabilities=[Capabilities {browserName: chrome, goog:chromeOptions: {args: [], extensions: []}}]}]
	at org.openqa.selenium.remote.ProtocolHandshake.createSession(ProtocolHandshake.java:114)
	at org.openqa.selenium.remote.ProtocolHandshake.createSession(ProtocolHandshake.java:75)
	at org.openqa.selenium.remote.ProtocolHandshake.createSession(ProtocolHandshake.java:61)
	at org.openqa.selenium.remote.HttpCommandExecutor.execute(HttpCommandExecutor.java:187)
	at org.openqa.selenium.remote.service.DriverCommandExecutor.invokeExecute(DriverCommandExecutor.java:216)
	at org.openqa.selenium.remote.service.DriverCommandExecutor.execute(DriverCommandExecutor.java:174)
	at org.openqa.selenium.remote.RemoteWebDriver.execute(RemoteWebDriver.java:544)
	at org.openqa.selenium.remote.RemoteWebDriver.startSession(RemoteWebDriver.java:244)
	at org.openqa.selenium.remote.RemoteWebDriver.&lt;init&gt;(RemoteWebDriver.java:173)
	at org.openqa.selenium.chromium.ChromiumDriver.&lt;init&gt;(ChromiumDriver.java:110)
	at org.openqa.selenium.chrome.ChromeDriver.&lt;init&gt;(ChromeDriver.java:88)
	at org.openqa.selenium.chrome.ChromeDriver.&lt;init&gt;(ChromeDriver.java:83)
	at org.openqa.selenium.chrome.ChromeDriver.&lt;init&gt;(ChromeDriver.java:72)
	at greenkart.config.BaseTest.setUP(BaseTest.java:55)
	at java.base/java.util.ArrayList.forEach(ArrayList.java:1511)
... Removed 25 stack frames</div></td></tr></table><p class="totop"><a href="#summary">back to summary</a></p>
<h3 id="m1">greenkart.testCases.TestExecution#afterTest</h3><table class="result"><tr><th class="invisible"/></tr></table><p class="totop"><a href="#summary">back to summary</a></p>
<h3 id="m2">greenkart.testCases.TestExecution#tearDown</h3><table class="result"><tr><th class="invisible"/></tr></table><p class="totop"><a href="#summary">back to summary</a></p>
<h3 id="m3">greenkart.testCases.TestExecution#testRunLog</h3><table class="result"><tr><th class="invisible"/></tr></table><p class="totop"><a href="#summary">back to summary</a></p>
<h3 id="m4">greenkart.testCases.TestExecution#TC1</h3><table class="result"><tr><th>Exception</th></tr><tr><td><div class="stacktrace">java.lang.Throwable: Method greenkart.testCases.TestExecution.TC1() on instance greenkart.testCases.TestExecution@590c73d3 depends on not successfully finished methods 
[greenkart.testCases.TestExecution.TestStart() on instance greenkart.testCases.TestExecution@590c73d3]
	at java.base/java.util.ArrayList.forEach(ArrayList.java:1511)
... Removed 18 stack frames</div></td></tr></table><p class="totop"><a href="#summary">back to summary</a></p>
<h3 id="m5">greenkart.testCases.TestExecution#TC10</h3><table class="result"><tr><th>Exception</th></tr><tr><td><div class="stacktrace">java.lang.Throwable: Method greenkart.testCases.TestExecution.TC10() on instance greenkart.testCases.TestExecution@590c73d3 depends on not successfully finished methods 
[greenkart.testCases.TestExecution.TC9() on instance greenkart.testCases.TestExecution@590c73d3]
	at java.base/java.util.ArrayList.forEach(ArrayList.java:1511)
... Removed 18 stack frames</div></td></tr></table><p class="totop"><a href="#summary">back to summary</a></p>
<h3 id="m6">greenkart.testCases.TestExecution#TC11</h3><table class="result"><tr><th>Exception</th></tr><tr><td><div class="stacktrace">java.lang.Throwable: Method greenkart.testCases.TestExecution.TC11() on instance greenkart.testCases.TestExecution@590c73d3 depends on not successfully finished methods 
[greenkart.testCases.TestExecution.TC10() on instance greenkart.testCases.TestExecution@590c73d3]
	at java.base/java.util.ArrayList.forEach(ArrayList.java:1511)
... Removed 18 stack frames</div></td></tr></table><p class="totop"><a href="#summary">back to summary</a></p>
<h3 id="m7">greenkart.testCases.TestExecution#TC12</h3><table class="result"><tr><th>Exception</th></tr><tr><td><div class="stacktrace">java.lang.Throwable: Method greenkart.testCases.TestExecution.TC12() on instance greenkart.testCases.TestExecution@590c73d3 depends on not successfully finished methods 
[greenkart.testCases.TestExecution.TC11() on instance greenkart.testCases.TestExecution@590c73d3]
	at java.base/java.util.ArrayList.forEach(ArrayList.java:1511)
... Removed 18 stack frames</div></td></tr></table><p class="totop"><a href="#summary">back to summary</a></p>
<h3 id="m8">greenkart.testCases.TestExecution#TC13</h3><table class="result"><tr><th>Exception</th></tr><tr><td><div class="stacktrace">java.lang.Throwable: Method greenkart.testCases.TestExecution.TC13() on instance greenkart.testCases.TestExecution@590c73d3 depends on not successfully finished methods 
[greenkart.testCases.TestExecution.TC12() on instance greenkart.testCases.TestExecution@590c73d3]
	at java.base/java.util.ArrayList.forEach(ArrayList.java:1511)
... Removed 18 stack frames</div></td></tr></table><p class="totop"><a href="#summary">back to summary</a></p>
<h3 id="m9">greenkart.testCases.TestExecution#TC14</h3><table class="result"><tr><th>Exception</th></tr><tr><td><div class="stacktrace">java.lang.Throwable: Method greenkart.testCases.TestExecution.TC14() on instance greenkart.testCases.TestExecution@590c73d3 depends on not successfully finished methods 
[greenkart.testCases.TestExecution.TC13() on instance greenkart.testCases.TestExecution@590c73d3]
	at java.base/java.util.ArrayList.forEach(ArrayList.java:1511)
... Removed 18 stack frames</div></td></tr></table><p class="totop"><a href="#summary">back to summary</a></p>
<h3 id="m10">greenkart.testCases.TestExecution#TC15</h3><table class="result"><tr><th>Exception</th></tr><tr><td><div class="stacktrace">java.lang.Throwable: Method greenkart.testCases.TestExecution.TC15() on instance greenkart.testCases.TestExecution@590c73d3 depends on not successfully finished methods 
[greenkart.testCases.TestExecution.TC14() on instance greenkart.testCases.TestExecution@590c73d3]
	at java.base/java.util.ArrayList.forEach(ArrayList.java:1511)
... Removed 18 stack frames</div></td></tr></table><p class="totop"><a href="#summary">back to summary</a></p>
<h3 id="m11">greenkart.testCases.TestExecution#TC16</h3><table class="result"><tr><th>Exception</th></tr><tr><td><div class="stacktrace">java.lang.Throwable: Method greenkart.testCases.TestExecution.TC16() on instance greenkart.testCases.TestExecution@590c73d3 depends on not successfully finished methods 
[greenkart.testCases.TestExecution.TC15() on instance greenkart.testCases.TestExecution@590c73d3]
	at java.base/java.util.ArrayList.forEach(ArrayList.java:1511)
... Removed 18 stack frames</div></td></tr></table><p class="totop"><a href="#summary">back to summary</a></p>
<h3 id="m12">greenkart.testCases.TestExecution#TC17</h3><table class="result"><tr><th>Exception</th></tr><tr><td><div class="stacktrace">java.lang.Throwable: Method greenkart.testCases.TestExecution.TC17() on instance greenkart.testCases.TestExecution@590c73d3 depends on not successfully finished methods 
[greenkart.testCases.TestExecution.TC16() on instance greenkart.testCases.TestExecution@590c73d3]
	at java.base/java.util.ArrayList.forEach(ArrayList.java:1511)
... Removed 18 stack frames</div></td></tr></table><p class="totop"><a href="#summary">back to summary</a></p>
<h3 id="m13">greenkart.testCases.TestExecution#TC2</h3><table class="result"><tr><th>Exception</th></tr><tr><td><div class="stacktrace">java.lang.Throwable: Method greenkart.testCases.TestExecution.TC2() on instance greenkart.testCases.TestExecution@590c73d3 depends on not successfully finished methods 
[greenkart.testCases.TestExecution.TC1() on instance greenkart.testCases.TestExecution@590c73d3]
	at java.base/java.util.ArrayList.forEach(ArrayList.java:1511)
... Removed 18 stack frames</div></td></tr></table><p class="totop"><a href="#summary">back to summary</a></p>
<h3 id="m14">greenkart.testCases.TestExecution#TC3</h3><table class="result"><tr><th>Exception</th></tr><tr><td><div class="stacktrace">java.lang.Throwable: Method greenkart.testCases.TestExecution.TC3() on instance greenkart.testCases.TestExecution@590c73d3 depends on not successfully finished methods 
[greenkart.testCases.TestExecution.TC2() on instance greenkart.testCases.TestExecution@590c73d3]
	at java.base/java.util.ArrayList.forEach(ArrayList.java:1511)
... Removed 18 stack frames</div></td></tr></table><p class="totop"><a href="#summary">back to summary</a></p>
<h3 id="m15">greenkart.testCases.TestExecution#TC4</h3><table class="result"><tr><th>Exception</th></tr><tr><td><div class="stacktrace">java.lang.Throwable: Method greenkart.testCases.TestExecution.TC4() on instance greenkart.testCases.TestExecution@590c73d3 depends on not successfully finished methods 
[greenkart.testCases.TestExecution.TC3() on instance greenkart.testCases.TestExecution@590c73d3]
	at java.base/java.util.ArrayList.forEach(ArrayList.java:1511)
... Removed 18 stack frames</div></td></tr></table><p class="totop"><a href="#summary">back to summary</a></p>
<h3 id="m16">greenkart.testCases.TestExecution#TC5</h3><table class="result"><tr><th>Exception</th></tr><tr><td><div class="stacktrace">java.lang.Throwable: Method greenkart.testCases.TestExecution.TC5() on instance greenkart.testCases.TestExecution@590c73d3 depends on not successfully finished methods 
[greenkart.testCases.TestExecution.TC4() on instance greenkart.testCases.TestExecution@590c73d3]
	at java.base/java.util.ArrayList.forEach(ArrayList.java:1511)
... Removed 18 stack frames</div></td></tr></table><p class="totop"><a href="#summary">back to summary</a></p>
<h3 id="m17">greenkart.testCases.TestExecution#TC6</h3><table class="result"><tr><th>Exception</th></tr><tr><td><div class="stacktrace">java.lang.Throwable: Method greenkart.testCases.TestExecution.TC6() on instance greenkart.testCases.TestExecution@590c73d3 depends on not successfully finished methods 
[greenkart.testCases.TestExecution.TC5() on instance greenkart.testCases.TestExecution@590c73d3]
	at java.base/java.util.ArrayList.forEach(ArrayList.java:1511)
... Removed 18 stack frames</div></td></tr></table><p class="totop"><a href="#summary">back to summary</a></p>
<h3 id="m18">greenkart.testCases.TestExecution#TC7</h3><table class="result"><tr><th>Exception</th></tr><tr><td><div class="stacktrace">java.lang.Throwable: Method greenkart.testCases.TestExecution.TC7() on instance greenkart.testCases.TestExecution@590c73d3 depends on not successfully finished methods 
[greenkart.testCases.TestExecution.TC6() on instance greenkart.testCases.TestExecution@590c73d3]
	at java.base/java.util.ArrayList.forEach(ArrayList.java:1511)
... Removed 18 stack frames</div></td></tr></table><p class="totop"><a href="#summary">back to summary</a></p>
<h3 id="m19">greenkart.testCases.TestExecution#TC8</h3><table class="result"><tr><th>Exception</th></tr><tr><td><div class="stacktrace">java.lang.Throwable: Method greenkart.testCases.TestExecution.TC8() on instance greenkart.testCases.TestExecution@590c73d3 depends on not successfully finished methods 
[greenkart.testCases.TestExecution.TC7() on instance greenkart.testCases.TestExecution@590c73d3]
	at java.base/java.util.ArrayList.forEach(ArrayList.java:1511)
... Removed 18 stack frames</div></td></tr></table><p class="totop"><a href="#summary">back to summary</a></p>
<h3 id="m20">greenkart.testCases.TestExecution#TC9</h3><table class="result"><tr><th>Exception</th></tr><tr><td><div class="stacktrace">java.lang.Throwable: Method greenkart.testCases.TestExecution.TC9() on instance greenkart.testCases.TestExecution@590c73d3 depends on not successfully finished methods 
[greenkart.testCases.TestExecution.TC8() on instance greenkart.testCases.TestExecution@590c73d3]
	at java.base/java.util.ArrayList.forEach(ArrayList.java:1511)
... Removed 18 stack frames</div></td></tr></table><p class="totop"><a href="#summary">back to summary</a></p>
<h3 id="m21">greenkart.testCases.TestExecution#TestStart</h3><table class="result"><tr><th>Exception</th></tr><tr><td><div class="stacktrace">org.openqa.selenium.SessionNotCreatedException: Could not start a new session. Response code 500. Message: session not created: This version of ChromeDriver only supports Chrome version 136
Current browser version is 138.0.7204.50 with binary path C:\Program Files\Google\Chrome\Application\chrome.exe 
Host info: host: &apos;TEST&apos;, ip: &apos;192.168.1.201&apos;
Build info: version: &apos;4.33.0&apos;, revision: &apos;2c6aaad03a&apos;
System info: os.name: &apos;Windows 11&apos;, os.arch: &apos;amd64&apos;, os.version: &apos;10.0&apos;, java.version: &apos;17.0.2&apos;
Driver info: org.openqa.selenium.chrome.ChromeDriver
Command: [null, newSession {capabilities=[Capabilities {browserName: chrome, goog:chromeOptions: {args: [], extensions: []}}]}]
	at org.openqa.selenium.remote.ProtocolHandshake.createSession(ProtocolHandshake.java:114)
	at org.openqa.selenium.remote.ProtocolHandshake.createSession(ProtocolHandshake.java:75)
	at org.openqa.selenium.remote.ProtocolHandshake.createSession(ProtocolHandshake.java:61)
	at org.openqa.selenium.remote.HttpCommandExecutor.execute(HttpCommandExecutor.java:187)
	at org.openqa.selenium.remote.service.DriverCommandExecutor.invokeExecute(DriverCommandExecutor.java:216)
	at org.openqa.selenium.remote.service.DriverCommandExecutor.execute(DriverCommandExecutor.java:174)
	at org.openqa.selenium.remote.RemoteWebDriver.execute(RemoteWebDriver.java:544)
	at org.openqa.selenium.remote.RemoteWebDriver.startSession(RemoteWebDriver.java:244)
	at org.openqa.selenium.remote.RemoteWebDriver.&lt;init&gt;(RemoteWebDriver.java:173)
	at org.openqa.selenium.chromium.ChromiumDriver.&lt;init&gt;(ChromiumDriver.java:110)
	at org.openqa.selenium.chrome.ChromeDriver.&lt;init&gt;(ChromeDriver.java:88)
	at org.openqa.selenium.chrome.ChromeDriver.&lt;init&gt;(ChromeDriver.java:83)
	at org.openqa.selenium.chrome.ChromeDriver.&lt;init&gt;(ChromeDriver.java:72)
	at greenkart.config.BaseTest.setUP(BaseTest.java:55)
	at java.base/java.util.ArrayList.forEach(ArrayList.java:1511)
... Removed 25 stack frames</div></td></tr></table><p class="totop"><a href="#summary">back to summary</a></p>
</body>
</html>
