<?xml version="1.0" encoding="UTF-8"?>
<!-- Generated by org.testng.reporters.JUnitReportReporter -->
<testsuite hostname="Test" failures="0" tests="19" name="greenkart.testCases.TestExecution" time="1.028" errors="1" timestamp="2025-06-27T14:38:53 EEST" skipped="18">
  <testcase classname="greenkart.testCases.TestExecution" name="TC3" time="0.000">
    <skipped/>
  </testcase> <!-- TC3 -->
  <testcase classname="greenkart.testCases.TestExecution" name="TC2" time="0.000">
    <skipped/>
  </testcase> <!-- TC2 -->
  <testcase classname="greenkart.testCases.TestExecution" name="TC16" time="0.000">
    <skipped/>
  </testcase> <!-- TC16 -->
  <testcase classname="greenkart.testCases.TestExecution" name="TC12" time="0.000">
    <skipped/>
  </testcase> <!-- TC12 -->
  <testcase classname="greenkart.testCases.TestExecution" name="TC1" time="0.000">
    <skipped/>
  </testcase> <!-- TC1 -->
  <testcase classname="greenkart.testCases.TestExecution" name="TC8" time="0.000">
    <skipped/>
  </testcase> <!-- TC8 -->
  <testcase classname="greenkart.testCases.TestExecution" name="TC6" time="0.000">
    <skipped/>
  </testcase> <!-- TC6 -->
  <testcase classname="greenkart.testCases.TestExecution" name="setUP" time="1.028">
    <error message="Could not start a new session. Response code 500. Message: session not created: This version of ChromeDriver only supports Chrome version 136
Current browser version is 138.0.7204.50 with binary path C:\Program Files\Google\Chrome\Application\chrome.exe 
Host info: host: &#039;TEST&#039;, ip: &#039;192.168.1.201&#039;
Build info: version: &#039;4.33.0&#039;, revision: &#039;2c6aaad03a&#039;
System info: os.name: &#039;Windows 11&#039;, os.arch: &#039;amd64&#039;, os.version: &#039;10.0&#039;, java.version: &#039;17.0.2&#039;
Driver info: org.openqa.selenium.chrome.ChromeDriver
Command: [null, newSession {capabilities=[Capabilities {browserName: chrome, goog:chromeOptions: {args: [], extensions: []}}]}]" type="org.openqa.selenium.SessionNotCreatedException">
      <![CDATA[org.openqa.selenium.SessionNotCreatedException: Could not start a new session. Response code 500. Message: session not created: This version of ChromeDriver only supports Chrome version 136
Current browser version is 138.0.7204.50 with binary path C:\Program Files\Google\Chrome\Application\chrome.exe 
Host info: host: 'TEST', ip: '192.168.1.201'
Build info: version: '4.33.0', revision: '2c6aaad03a'
System info: os.name: 'Windows 11', os.arch: 'amd64', os.version: '10.0', java.version: '17.0.2'
Driver info: org.openqa.selenium.chrome.ChromeDriver
Command: [null, newSession {capabilities=[Capabilities {browserName: chrome, goog:chromeOptions: {args: [], extensions: []}}]}]
at org.openqa.selenium.remote.ProtocolHandshake.createSession(ProtocolHandshake.java:114)
at org.openqa.selenium.remote.ProtocolHandshake.createSession(ProtocolHandshake.java:75)
at org.openqa.selenium.remote.ProtocolHandshake.createSession(ProtocolHandshake.java:61)
at org.openqa.selenium.remote.HttpCommandExecutor.execute(HttpCommandExecutor.java:187)
at org.openqa.selenium.remote.service.DriverCommandExecutor.invokeExecute(DriverCommandExecutor.java:216)
at org.openqa.selenium.remote.service.DriverCommandExecutor.execute(DriverCommandExecutor.java:174)
at org.openqa.selenium.remote.RemoteWebDriver.execute(RemoteWebDriver.java:544)
at org.openqa.selenium.remote.RemoteWebDriver.startSession(RemoteWebDriver.java:244)
at org.openqa.selenium.remote.RemoteWebDriver.<init>(RemoteWebDriver.java:173)
at org.openqa.selenium.chromium.ChromiumDriver.<init>(ChromiumDriver.java:110)
at org.openqa.selenium.chrome.ChromeDriver.<init>(ChromeDriver.java:88)
at org.openqa.selenium.chrome.ChromeDriver.<init>(ChromeDriver.java:83)
at org.openqa.selenium.chrome.ChromeDriver.<init>(ChromeDriver.java:72)
at greenkart.config.BaseTest.setUP(BaseTest.java:55)
at java.base/jdk.internal.reflect.NativeMethodAccessorImpl.invoke0(Native Method)
at java.base/jdk.internal.reflect.NativeMethodAccessorImpl.invoke(NativeMethodAccessorImpl.java:77)
at java.base/jdk.internal.reflect.DelegatingMethodAccessorImpl.invoke(DelegatingMethodAccessorImpl.java:43)
at java.base/java.lang.reflect.Method.invoke(Method.java:568)
at org.testng.internal.invokers.MethodInvocationHelper.invokeMethod(MethodInvocationHelper.java:141)
at org.testng.internal.invokers.MethodInvocationHelper.invokeMethodConsideringTimeout(MethodInvocationHelper.java:71)
at org.testng.internal.invokers.ConfigInvoker.invokeConfigurationMethod(ConfigInvoker.java:400)
at org.testng.internal.invokers.ConfigInvoker.invokeConfigurations(ConfigInvoker.java:333)
at org.testng.internal.invokers.TestMethodWorker.invokeBeforeClassMethods(TestMethodWorker.java:188)
at org.testng.internal.invokers.TestMethodWorker.run(TestMethodWorker.java:128)
at java.base/java.util.ArrayList.forEach(ArrayList.java:1511)
at org.testng.TestRunner.privateRun(TestRunner.java:741)
at org.testng.TestRunner.run(TestRunner.java:616)
at org.testng.SuiteRunner.runTest(SuiteRunner.java:421)
at org.testng.SuiteRunner.runSequentially(SuiteRunner.java:413)
at org.testng.SuiteRunner.privateRun(SuiteRunner.java:373)
at org.testng.SuiteRunner.run(SuiteRunner.java:312)
at org.testng.SuiteRunnerWorker.runSuite(SuiteRunnerWorker.java:52)
at org.testng.SuiteRunnerWorker.run(SuiteRunnerWorker.java:95)
at org.testng.TestNG.runSuitesSequentially(TestNG.java:1274)
at org.testng.TestNG.runSuitesLocally(TestNG.java:1208)
at org.testng.TestNG.runSuites(TestNG.java:1112)
at org.testng.TestNG.run(TestNG.java:1079)
at org.testng.remote.AbstractRemoteTestNG.run(AbstractRemoteTestNG.java:115)
at org.testng.remote.RemoteTestNG.initAndRun(RemoteTestNG.java:293)
at org.testng.remote.RemoteTestNG.main(RemoteTestNG.java:91)
]]>
    </error>
  </testcase> <!-- setUP -->
  <testcase classname="greenkart.testCases.TestExecution" name="TestStart" time="0.000">
    <skipped/>
  </testcase> <!-- TestStart -->
  <testcase classname="greenkart.testCases.TestExecution" name="TC5" time="0.000">
    <skipped/>
  </testcase> <!-- TC5 -->
  <testcase classname="greenkart.testCases.TestExecution" name="TC14" time="0.000">
    <skipped/>
  </testcase> <!-- TC14 -->
  <testcase classname="greenkart.testCases.TestExecution" name="TC4" time="0.000">
    <skipped/>
  </testcase> <!-- TC4 -->
  <testcase classname="greenkart.testCases.TestExecution" name="TC17" time="0.000">
    <skipped/>
  </testcase> <!-- TC17 -->
  <testcase classname="greenkart.testCases.TestExecution" name="TC7" time="0.000">
    <skipped/>
  </testcase> <!-- TC7 -->
  <testcase classname="greenkart.testCases.TestExecution" name="TC10" time="0.000">
    <skipped/>
  </testcase> <!-- TC10 -->
  <testcase classname="greenkart.testCases.TestExecution" name="TC9" time="0.000">
    <skipped/>
  </testcase> <!-- TC9 -->
  <testcase classname="greenkart.testCases.TestExecution" name="TC11" time="0.000">
    <skipped/>
  </testcase> <!-- TC11 -->
  <testcase classname="greenkart.testCases.TestExecution" name="TC13" time="0.000">
    <skipped/>
  </testcase> <!-- TC13 -->
  <testcase classname="greenkart.testCases.TestExecution" name="TC15" time="0.000">
    <skipped/>
  </testcase> <!-- TC15 -->
</testsuite> <!-- greenkart.testCases.TestExecution -->
